12:09:56 AM: Executing task 'KafkaPocAppApplication.main()'...

> Task :compileJava
> Task :processResources UP-TO-DATE
> Task :classes

> Task :KafkaPocAppApplication.main()

  .   ____          _            __ _ _
 /\\ / ___'_ __ _ _(_)_ __  __ _ \ \ \ \
( ( )\___ | '_ | '_| | '_ \/ _` | \ \ \ \
 \\/  ___)| |_)| | | | | || (_| |  ) ) ) )
  '  |____| .__|_| |_|_| |_\__, | / / / /
 =========|_|==============|___/=/_/_/_/
 :: Spring Boot ::                (v2.6.9)

2022-07-04 00:10:01.661  INFO 15523 --- [           main] c.p.kafkapoc.KafkaPocAppApplication      : Starting KafkaPocAppApplication using Java 11.0.11 on javalab with PID 15523 (/home/snmaddula/Apps/kafka-poc-app/build/classes/java/main started by snmaddula in /home/snmaddula/Apps/kafka-poc-app)
2022-07-04 00:10:01.664  INFO 15523 --- [           main] c.p.kafkapoc.KafkaPocAppApplication      : No active profile set, falling back to 1 default profile: "default"
2022-07-04 00:10:03.806  INFO 15523 --- [           main] .s.d.r.c.RepositoryConfigurationDelegate : Bootstrapping Spring Data JPA repositories in DEFAULT mode.
2022-07-04 00:10:03.854  INFO 15523 --- [           main] .s.d.r.c.RepositoryConfigurationDelegate : Finished Spring Data repository scanning in 15 ms. Found 0 JPA repository interfaces.
2022-07-04 00:10:06.373  INFO 15523 --- [           main] o.s.b.w.embedded.tomcat.TomcatWebServer  : Tomcat initialized with port(s): 8080 (http)
2022-07-04 00:10:06.401  INFO 15523 --- [           main] o.apache.catalina.core.StandardService   : Starting service [Tomcat]
2022-07-04 00:10:06.401  INFO 15523 --- [           main] org.apache.catalina.core.StandardEngine  : Starting Servlet engine: [Apache Tomcat/9.0.64]
2022-07-04 00:10:07.011  INFO 15523 --- [           main] o.a.c.c.C.[Tomcat].[localhost].[/]       : Initializing Spring embedded WebApplicationContext
2022-07-04 00:10:07.011  INFO 15523 --- [           main] w.s.c.ServletWebServerApplicationContext : Root WebApplicationContext: initialization completed in 5119 ms
2022-07-04 00:10:08.304  INFO 15523 --- [           main] com.zaxxer.hikari.HikariDataSource       : HikariPool-1 - Starting...
2022-07-04 00:10:08.752  INFO 15523 --- [           main] com.zaxxer.hikari.HikariDataSource       : HikariPool-1 - Start completed.
2022-07-04 00:10:09.043  INFO 15523 --- [           main] o.hibernate.jpa.internal.util.LogHelper  : HHH000204: Processing PersistenceUnitInfo [name: default]
2022-07-04 00:10:09.246  INFO 15523 --- [           main] org.hibernate.Version                    : HHH000412: Hibernate ORM core version 5.6.9.Final
2022-07-04 00:10:09.859  INFO 15523 --- [           main] o.hibernate.annotations.common.Version   : HCANN000001: Hibernate Commons Annotations {5.1.2.Final}
2022-07-04 00:10:10.184  INFO 15523 --- [           main] org.hibernate.dialect.Dialect            : HHH000400: Using dialect: org.hibernate.dialect.H2Dialect
2022-07-04 00:10:10.734  INFO 15523 --- [           main] o.h.e.t.j.p.i.JtaPlatformInitiator       : HHH000490: Using JtaPlatform implementation: [org.hibernate.engine.transaction.jta.platform.internal.NoJtaPlatform]
2022-07-04 00:10:10.759  INFO 15523 --- [           main] j.LocalContainerEntityManagerFactoryBean : Initialized JPA EntityManagerFactory for persistence unit 'default'
2022-07-04 00:10:10.879  INFO 15523 --- [           main] c.p.kafkapoc.config.KafkaTopicsConfig    : Creating Sample Topic: SAMPLE_APP_TOPIC
2022-07-04 00:10:10.921  INFO 15523 --- [           main] o.a.k.clients.admin.AdminClientConfig    : AdminClientConfig values: 
	bootstrap.servers = [localhost:9092]
	client.dns.lookup = use_all_dns_ips
	client.id = 
	connections.max.idle.ms = 300000
	default.api.timeout.ms = 60000
	metadata.max.age.ms = 300000
	metric.reporters = []
	metrics.num.samples = 2
	metrics.recording.level = INFO
	metrics.sample.window.ms = 30000
	receive.buffer.bytes = 65536
	reconnect.backoff.max.ms = 1000
	reconnect.backoff.ms = 50
	request.timeout.ms = 30000
	retries = 2147483647
	retry.backoff.ms = 100
	sasl.client.callback.handler.class = null
	sasl.jaas.config = null
	sasl.kerberos.kinit.cmd = /usr/bin/kinit
	sasl.kerberos.min.time.before.relogin = 60000
	sasl.kerberos.service.name = null
	sasl.kerberos.ticket.renew.jitter = 0.05
	sasl.kerberos.ticket.renew.window.factor = 0.8
	sasl.login.callback.handler.class = null
	sasl.login.class = null
	sasl.login.refresh.buffer.seconds = 300
	sasl.login.refresh.min.period.seconds = 60
	sasl.login.refresh.window.factor = 0.8
	sasl.login.refresh.window.jitter = 0.05
	sasl.mechanism = GSSAPI
	security.protocol = PLAINTEXT
	security.providers = null
	send.buffer.bytes = 131072
	socket.connection.setup.timeout.max.ms = 30000
	socket.connection.setup.timeout.ms = 10000
	ssl.cipher.suites = null
	ssl.enabled.protocols = [TLSv1.2, TLSv1.3]
	ssl.endpoint.identification.algorithm = https
	ssl.engine.factory.class = null
	ssl.key.password = null
	ssl.keymanager.algorithm = SunX509
	ssl.keystore.certificate.chain = null
	ssl.keystore.key = null
	ssl.keystore.location = null
	ssl.keystore.password = null
	ssl.keystore.type = JKS
	ssl.protocol = TLSv1.3
	ssl.provider = null
	ssl.secure.random.implementation = null
	ssl.trustmanager.algorithm = PKIX
	ssl.truststore.certificates = null
	ssl.truststore.location = null
	ssl.truststore.password = null
	ssl.truststore.type = JKS

2022-07-04 00:10:11.328  INFO 15523 --- [           main] o.a.kafka.common.utils.AppInfoParser     : Kafka version: 3.0.1
2022-07-04 00:10:11.332  INFO 15523 --- [           main] o.a.kafka.common.utils.AppInfoParser     : Kafka commitId: 8e30984f43e64d8b
2022-07-04 00:10:11.333  INFO 15523 --- [           main] o.a.kafka.common.utils.AppInfoParser     : Kafka startTimeMs: 1656873611327
2022-07-04 00:10:12.043  INFO 15523 --- [| adminclient-1] o.a.kafka.common.utils.AppInfoParser     : App info kafka.admin.client for adminclient-1 unregistered
2022-07-04 00:10:12.063  INFO 15523 --- [| adminclient-1] org.apache.kafka.common.metrics.Metrics  : Metrics scheduler closed
2022-07-04 00:10:12.064  INFO 15523 --- [| adminclient-1] org.apache.kafka.common.metrics.Metrics  : Closing reporter org.apache.kafka.common.metrics.JmxReporter
2022-07-04 00:10:12.064  INFO 15523 --- [| adminclient-1] org.apache.kafka.common.metrics.Metrics  : Metrics reporters closed
2022-07-04 00:10:12.064  INFO 15523 --- [           main] c.p.kafkapoc.config.KafkaTopicsConfig    : Created Sample Topic:: (name=SAMPLE_APP_TOPIC, numPartitions=1, replicationFactor=1, replicasAssignments=null, configs={retention.ms=86400000})
2022-07-04 00:10:12.280  WARN 15523 --- [           main] JpaBaseConfiguration$JpaWebConfiguration : spring.jpa.open-in-view is enabled by default. Therefore, database queries may be performed during view rendering. Explicitly configure spring.jpa.open-in-view to disable this warning
2022-07-04 00:10:13.401  INFO 15523 --- [           main] o.s.b.w.embedded.tomcat.TomcatWebServer  : Tomcat started on port(s): 8080 (http) with context path ''
2022-07-04 00:10:13.424  INFO 15523 --- [           main] c.p.kafkapoc.KafkaPocAppApplication      : Started KafkaPocAppApplication in 12.978 seconds (JVM running for 14.136)
2022-07-04 00:10:26.368  INFO 15523 --- [nio-8080-exec-1] o.a.c.c.C.[Tomcat].[localhost].[/]       : Initializing Spring DispatcherServlet 'dispatcherServlet'
2022-07-04 00:10:26.368  INFO 15523 --- [nio-8080-exec-1] o.s.web.servlet.DispatcherServlet        : Initializing Servlet 'dispatcherServlet'
2022-07-04 00:10:26.378  INFO 15523 --- [nio-8080-exec-1] o.s.web.servlet.DispatcherServlet        : Completed initialization in 4 ms
2022-07-04 00:10:26.892  INFO 15523 --- [nio-8080-exec-1] o.a.k.clients.producer.ProducerConfig    : ProducerConfig values: 
	acks = -1
	batch.size = 16384
	bootstrap.servers = [localhost:9092]
	buffer.memory = 33554432
	client.dns.lookup = use_all_dns_ips
	client.id = producer-1
	compression.type = none
	connections.max.idle.ms = 540000
	delivery.timeout.ms = 120000
	enable.idempotence = true
	interceptor.classes = []
	key.serializer = class org.apache.kafka.common.serialization.StringSerializer
	linger.ms = 0
	max.block.ms = 60000
	max.in.flight.requests.per.connection = 5
	max.request.size = 1048576
	metadata.max.age.ms = 300000
	metadata.max.idle.ms = 300000
	metric.reporters = []
	metrics.num.samples = 2
	metrics.recording.level = INFO
	metrics.sample.window.ms = 30000
	partitioner.class = class org.apache.kafka.clients.producer.internals.DefaultPartitioner
	receive.buffer.bytes = 32768
	reconnect.backoff.max.ms = 1000
	reconnect.backoff.ms = 50
	request.timeout.ms = 30000
	retries = 2147483647
	retry.backoff.ms = 100
	sasl.client.callback.handler.class = null
	sasl.jaas.config = null
	sasl.kerberos.kinit.cmd = /usr/bin/kinit
	sasl.kerberos.min.time.before.relogin = 60000
	sasl.kerberos.service.name = null
	sasl.kerberos.ticket.renew.jitter = 0.05
	sasl.kerberos.ticket.renew.window.factor = 0.8
	sasl.login.callback.handler.class = null
	sasl.login.class = null
	sasl.login.refresh.buffer.seconds = 300
	sasl.login.refresh.min.period.seconds = 60
	sasl.login.refresh.window.factor = 0.8
	sasl.login.refresh.window.jitter = 0.05
	sasl.mechanism = GSSAPI
	security.protocol = PLAINTEXT
	security.providers = null
	send.buffer.bytes = 131072
	socket.connection.setup.timeout.max.ms = 30000
	socket.connection.setup.timeout.ms = 10000
	ssl.cipher.suites = null
	ssl.enabled.protocols = [TLSv1.2, TLSv1.3]
	ssl.endpoint.identification.algorithm = https
	ssl.engine.factory.class = null
	ssl.key.password = null
	ssl.keymanager.algorithm = SunX509
	ssl.keystore.certificate.chain = null
	ssl.keystore.key = null
	ssl.keystore.location = null
	ssl.keystore.password = null
	ssl.keystore.type = JKS
	ssl.protocol = TLSv1.3
	ssl.provider = null
	ssl.secure.random.implementation = null
	ssl.trustmanager.algorithm = PKIX
	ssl.truststore.certificates = null
	ssl.truststore.location = null
	ssl.truststore.password = null
	ssl.truststore.type = JKS
	transaction.timeout.ms = 60000
	transactional.id = null
	value.serializer = class org.springframework.kafka.support.serializer.JsonSerializer

2022-07-04 00:10:26.971  INFO 15523 --- [nio-8080-exec-1] o.a.k.clients.producer.KafkaProducer     : [Producer clientId=producer-1] Instantiated an idempotent producer.
2022-07-04 00:10:27.071  INFO 15523 --- [nio-8080-exec-1] o.a.kafka.common.utils.AppInfoParser     : Kafka version: 3.0.1
2022-07-04 00:10:27.073  INFO 15523 --- [nio-8080-exec-1] o.a.kafka.common.utils.AppInfoParser     : Kafka commitId: 8e30984f43e64d8b
2022-07-04 00:10:27.074  INFO 15523 --- [nio-8080-exec-1] o.a.kafka.common.utils.AppInfoParser     : Kafka startTimeMs: 1656873627070
2022-07-04 00:10:27.121  INFO 15523 --- [ad | producer-1] org.apache.kafka.clients.Metadata        : [Producer clientId=producer-1] Resetting the last seen epoch of partition SAMPLE_APP_TOPIC-0 to 0 since the associated topicId changed from null to wctbU-fgTC6mD5AmDGV3MA
2022-07-04 00:10:27.146  INFO 15523 --- [ad | producer-1] org.apache.kafka.clients.Metadata        : [Producer clientId=producer-1] Cluster ID: wg911BpFSUSj2CryTlPHIg
2022-07-04 00:10:27.189  INFO 15523 --- [ad | producer-1] o.a.k.c.p.internals.TransactionManager   : [Producer clientId=producer-1] ProducerId set to 2 with epoch 0
2022-07-04 00:10:27.486  INFO 15523 --- [nio-8080-exec-1] c.pochub.kafkapoc.service.KafkaProducer  : Message published to kafka. OFFSET=SAMPLE_APP_TOPIC


